Latias Латиас из команды зеленых вступает в бой!
Palossand Палоссэнд из команды синих вступает в бой!
Latias Латиас использует "Bulldoze". 
Palossand Палоссэнд теряет 4 здоровья.
Palossand Палоссэнд уменьшает скорость.

Palossand Палоссэнд использует "Sludge Bomb". 
Latias Латиас теряет 5 здоровья.

Latias Латиас использует "Zen Headbutt". 
Palossand Палоссэнд теряет 7 здоровья.

Palossand Палоссэнд промахивается

Latias Латиас использует "Bulldoze". 
Palossand Палоссэнд теряет 3 здоровья.
Palossand Палоссэнд уменьшает скорость.
Palossand Палоссэнд теряет сознание.
Pikachu Пикачу из команды синих вступает в бой!
Latias Латиас использует "Bulldoze". 
Pikachu Пикачу теряет 6 здоровья.
Pikachu Пикачу уменьшает скорость.

Pikachu Пикачу промахивается

Pikachu Пикачу промахивается

Latias Латиас атакует. 
Pikachu Пикачу теряет 10 здоровья.
Pikachu Пикачу теряет сознание.
Sandygast Сэндигаст из команды синих вступает в бой!
Latias Латиас атакует. 
Sandygast Сэндигаст теряет 8 здоровья.
Sandygast Сэндигаст уменьшает специальную атаку.

Sandygast Сэндигаст использует "Absorb". 
Latias Латиас теряет 2 здоровья.
Sandygast Сэндигаст восстанавливает 1 здоровья.

Latias Латиас промахивается

Sandygast Сэндигаст использует "Absorb". 
Latias Латиас теряет 2 здоровья.
Sandygast Сэндигаст восстанавливает 1 здоровья.

Latias Латиас использует "Bulldoze". 
Sandygast Сэндигаст теряет 5 здоровья.
Sandygast Сэндигаст уменьшает скорость.

Sandygast Сэндигаст использует "Mega Drain". 
Latias Латиас теряет 2 здоровья.
Sandygast Сэндигаст восстанавливает 1 здоровья.

Latias Латиас промахивается

Sandygast Сэндигаст промахивается

Latias Латиас промахивается

Sandygast Сэндигаст борется с соперником. 
Latias Латиас теряет 5 здоровья.
Sandygast Сэндигаст теряет 1 здоровья.
Latias Латиас теряет сознание.
Pichu Пичу из команды зеленых вступает в бой!
Pichu Пичу борется с соперником. 
Sandygast Сэндигаст теряет 4 здоровья.
Pichu Пичу теряет 1 здоровья.
Sandygast Сэндигаст теряет сознание.
В команде синих не осталось покемонов.
Команда зеленых побеждает в этом бою!
